This file contains any messages produced by compilers while
running configure, to aid debugging if configure makes a mistake.

It was created by libgpiod configure 2.2, which was
generated by GNU Autoconf 2.71.  Invocation command line was

  $ ./configure --enable-tools

## --------- ##
## Platform. ##
## --------- ##

hostname = POL
uname -m = aarch64
uname -r = 6.12.62+rpt-rpi-2712
uname -s = Linux
uname -v = #1 SMP PREEMPT Debian 1:6.12.62-1+rpt1 (2025-12-18)

/usr/bin/uname -p = unknown
/bin/uname -X     = unknown

/bin/arch              = aarch64
/usr/bin/arch -k       = unknown
/usr/convex/getsysinfo = unknown
/usr/bin/hostinfo      = unknown
/bin/machine           = unknown
/usr/bin/oslevel       = unknown
/bin/universe          = unknown

PATH: /home/pol/.cursor-server/bin/linux-arm64/b3573281c4775bfc6bba466bf6563d3d498d1070/bin/remote-cli/
PATH: /usr/local/sbin/
PATH: /usr/local/bin/
PATH: /usr/sbin/
PATH: /usr/bin/
PATH: /sbin/
PATH: /bin/
PATH: /usr/local/games/
PATH: /usr/games/


## ----------- ##
## Core tests. ##
## ----------- ##

configure:3024: looking for aux files: config.guess config.sub ltmain.sh compile ar-lib missing install-sh
configure:3037:  trying ./autostuff/
configure:3066:   ./autostuff/config.guess found
configure:3066:   ./autostuff/config.sub found
configure:3066:   ./autostuff/ltmain.sh found
configure:3066:   ./autostuff/compile found
configure:3066:   ./autostuff/ar-lib found
configure:3066:   ./autostuff/missing found
configure:3048:   ./autostuff/install-sh found
configure:3232: checking for a BSD-compatible install
configure:3305: result: /usr/bin/install -c
configure:3316: checking whether build environment is sane
configure:3371: result: yes
configure:3530: checking for a race-free mkdir -p
configure:3574: result: /usr/bin/mkdir -p
configure:3581: checking for gawk
configure:3616: result: no
configure:3581: checking for mawk
configure:3602: found /usr/bin/mawk
configure:3613: result: mawk
configure:3624: checking whether make sets $(MAKE)
configure:3647: result: yes
configure:3677: checking whether make supports nested variables
configure:3695: result: yes
configure:3844: checking whether make supports nested variables
configure:3862: result: yes
configure:3900: checking whether make supports the include directive
configure:3915: make -f confmf.GNU && cat confinc.out
this is the am__doit target
configure:3918: $? = 0
configure:3937: result: yes (GNU style)
configure:4013: checking for gcc
configure:4034: found /usr/bin/gcc
configure:4045: result: gcc
configure:4398: checking for C compiler version
configure:4407: gcc --version >&5
gcc (Debian 14.2.0-19) 14.2.0
Copyright (C) 2024 Free Software Foundation, Inc.
This is free software; see the source for copying conditions.  There is NO
warranty; not even for MERCHANTABILITY or FITNESS FOR A PARTICULAR PURPOSE.

configure:4418: $? = 0
configure:4407: gcc -v >&5
Using built-in specs.
COLLECT_GCC=gcc
COLLECT_LTO_WRAPPER=/usr/libexec/gcc/aarch64-linux-gnu/14/lto-wrapper
OFFLOAD_TARGET_NAMES=nvptx-none
OFFLOAD_TARGET_DEFAULT=1
Target: aarch64-linux-gnu
Configured with: ../src/configure -v --with-pkgversion='Debian 14.2.0-19' --with-bugurl=file:///usr/share/doc/gcc-14/README.Bugs --enable-languages=c,ada,c++,go,d,fortran,objc,obj-c++,m2,rust --prefix=/usr --with-gcc-major-version-only --program-suffix=-14 --program-prefix=aarch64-linux-gnu- --enable-shared --enable-linker-build-id --libexecdir=/usr/libexec --without-included-gettext --enable-threads=posix --libdir=/usr/lib --enable-nls --enable-bootstrap --enable-clocale=gnu --enable-libstdcxx-debug --enable-libstdcxx-time=yes --with-default-libstdcxx-abi=new --enable-libstdcxx-backtrace --enable-gnu-unique-object --disable-libquadmath --disable-libquadmath-support --enable-plugin --enable-default-pie --with-system-zlib --enable-libphobos-checking=release --with-target-system-zlib=auto --enable-objc-gc=auto --enable-multiarch --enable-fix-cortex-a53-843419 --disable-werror --enable-offload-targets=nvptx-none=/build/reproducible-path/gcc-14-14.2.0/debian/tmp-nvptx/usr --enable-offload-defaulted --without-cuda-driver --enable-checking=release --build=aarch64-linux-gnu --host=aarch64-linux-gnu --target=aarch64-linux-gnu --with-build-config=bootstrap-lto-lean --enable-link-serialization=2
Thread model: posix
Supported LTO compression algorithms: zlib zstd
gcc version 14.2.0 (Debian 14.2.0-19) 
... rest of stderr output deleted ...
configure:4418: $? = 0
configure:4407: gcc -V >&5
gcc: error: unrecognized command-line option '-V'
gcc: fatal error: no input files
compilation terminated.
configure:4418: $? = 1
configure:4407: gcc -qversion >&5
gcc: error: unrecognized command-line option '-qversion'; did you mean '--version'?
gcc: fatal error: no input files
compilation terminated.
configure:4418: $? = 1
configure:4407: gcc -version >&5
gcc: error: unrecognized command-line option '-version'
gcc: fatal error: no input files
compilation terminated.
configure:4418: $? = 1
configure:4438: checking whether the C compiler works
configure:4460: gcc    conftest.c  >&5
configure:4464: $? = 0
configure:4514: result: yes
configure:4517: checking for C compiler default output file name
configure:4519: result: a.out
configure:4525: checking for suffix of executables
configure:4532: gcc -o conftest    conftest.c  >&5
configure:4536: $? = 0
configure:4559: result: 
configure:4581: checking whether we are cross compiling
configure:4589: gcc -o conftest    conftest.c  >&5
configure:4593: $? = 0
configure:4600: ./conftest
configure:4604: $? = 0
configure:4619: result: no
configure:4624: checking for suffix of object files
configure:4647: gcc -c   conftest.c >&5
configure:4651: $? = 0
configure:4673: result: o
configure:4677: checking whether the compiler supports GNU C
configure:4697: gcc -c   conftest.c >&5
configure:4697: $? = 0
configure:4707: result: yes
configure:4718: checking whether gcc accepts -g
configure:4739: gcc -c -g  conftest.c >&5
configure:4739: $? = 0
configure:4783: result: yes
configure:4803: checking for gcc option to enable C11 features
configure:4818: gcc  -c -g -O2  conftest.c >&5
configure:4818: $? = 0
configure:4836: result: none needed
configure:4952: checking whether gcc understands -c and -o together
configure:4975: gcc -c conftest.c -o conftest2.o
configure:4978: $? = 0
configure:4975: gcc -c conftest.c -o conftest2.o
configure:4978: $? = 0
configure:4990: result: yes
configure:5009: checking dependency style of gcc
configure:5121: result: gcc3
configure:5192: checking for ar
configure:5213: found /usr/bin/ar
configure:5224: result: ar
configure:5250: checking the archiver (ar) interface
configure:5267: gcc -c -g -O2  conftest.c >&5
configure:5267: $? = 0
configure:5270: ar cru libconftest.a conftest.o >&5
ar: `u' modifier ignored since `D' is the default (see `U')
configure:5273: $? = 0
configure:5301: result: ar
configure:5374: checking for gcc
configure:5406: result: gcc
configure:5759: checking for C compiler version
configure:5768: gcc --version >&5
gcc (Debian 14.2.0-19) 14.2.0
Copyright (C) 2024 Free Software Foundation, Inc.
This is free software; see the source for copying conditions.  There is NO
warranty; not even for MERCHANTABILITY or FITNESS FOR A PARTICULAR PURPOSE.

configure:5779: $? = 0
configure:5768: gcc -v >&5
Using built-in specs.
COLLECT_GCC=gcc
COLLECT_LTO_WRAPPER=/usr/libexec/gcc/aarch64-linux-gnu/14/lto-wrapper
OFFLOAD_TARGET_NAMES=nvptx-none
OFFLOAD_TARGET_DEFAULT=1
Target: aarch64-linux-gnu
Configured with: ../src/configure -v --with-pkgversion='Debian 14.2.0-19' --with-bugurl=file:///usr/share/doc/gcc-14/README.Bugs --enable-languages=c,ada,c++,go,d,fortran,objc,obj-c++,m2,rust --prefix=/usr --with-gcc-major-version-only --program-suffix=-14 --program-prefix=aarch64-linux-gnu- --enable-shared --enable-linker-build-id --libexecdir=/usr/libexec --without-included-gettext --enable-threads=posix --libdir=/usr/lib --enable-nls --enable-bootstrap --enable-clocale=gnu --enable-libstdcxx-debug --enable-libstdcxx-time=yes --with-default-libstdcxx-abi=new --enable-libstdcxx-backtrace --enable-gnu-unique-object --disable-libquadmath --disable-libquadmath-support --enable-plugin --enable-default-pie --with-system-zlib --enable-libphobos-checking=release --with-target-system-zlib=auto --enable-objc-gc=auto --enable-multiarch --enable-fix-cortex-a53-843419 --disable-werror --enable-offload-targets=nvptx-none=/build/reproducible-path/gcc-14-14.2.0/debian/tmp-nvptx/usr --enable-offload-defaulted --without-cuda-driver --enable-checking=release --build=aarch64-linux-gnu --host=aarch64-linux-gnu --target=aarch64-linux-gnu --with-build-config=bootstrap-lto-lean --enable-link-serialization=2
Thread model: posix
Supported LTO compression algorithms: zlib zstd
gcc version 14.2.0 (Debian 14.2.0-19) 
... rest of stderr output deleted ...
configure:5779: $? = 0
configure:5768: gcc -V >&5
gcc: error: unrecognized command-line option '-V'
gcc: fatal error: no input files
compilation terminated.
configure:5779: $? = 1
configure:5768: gcc -qversion >&5
gcc: error: unrecognized command-line option '-qversion'; did you mean '--version'?
gcc: fatal error: no input files
compilation terminated.
configure:5779: $? = 1
configure:5768: gcc -version >&5
gcc: error: unrecognized command-line option '-version'
gcc: fatal error: no input files
compilation terminated.
configure:5779: $? = 1
configure:5783: checking whether the compiler supports GNU C
configure:5813: result: yes
configure:5824: checking whether gcc accepts -g
configure:5889: result: yes
configure:5909: checking for gcc option to enable C11 features
configure:5942: result: none needed
configure:6058: checking whether gcc understands -c and -o together
configure:6096: result: yes
configure:6115: checking dependency style of gcc
configure:6227: result: gcc3
configure:6311: checking for g++
configure:6332: found /usr/bin/g++
configure:6343: result: g++
configure:6370: checking for C++ compiler version
configure:6379: g++ --version >&5
g++ (Debian 14.2.0-19) 14.2.0
Copyright (C) 2024 Free Software Foundation, Inc.
This is free software; see the source for copying conditions.  There is NO
warranty; not even for MERCHANTABILITY or FITNESS FOR A PARTICULAR PURPOSE.

configure:6390: $? = 0
configure:6379: g++ -v >&5
Using built-in specs.
COLLECT_GCC=g++
COLLECT_LTO_WRAPPER=/usr/libexec/gcc/aarch64-linux-gnu/14/lto-wrapper
OFFLOAD_TARGET_NAMES=nvptx-none
OFFLOAD_TARGET_DEFAULT=1
Target: aarch64-linux-gnu
Configured with: ../src/configure -v --with-pkgversion='Debian 14.2.0-19' --with-bugurl=file:///usr/share/doc/gcc-14/README.Bugs --enable-languages=c,ada,c++,go,d,fortran,objc,obj-c++,m2,rust --prefix=/usr --with-gcc-major-version-only --program-suffix=-14 --program-prefix=aarch64-linux-gnu- --enable-shared --enable-linker-build-id --libexecdir=/usr/libexec --without-included-gettext --enable-threads=posix --libdir=/usr/lib --enable-nls --enable-bootstrap --enable-clocale=gnu --enable-libstdcxx-debug --enable-libstdcxx-time=yes --with-default-libstdcxx-abi=new --enable-libstdcxx-backtrace --enable-gnu-unique-object --disable-libquadmath --disable-libquadmath-support --enable-plugin --enable-default-pie --with-system-zlib --enable-libphobos-checking=release --with-target-system-zlib=auto --enable-objc-gc=auto --enable-multiarch --enable-fix-cortex-a53-843419 --disable-werror --enable-offload-targets=nvptx-none=/build/reproducible-path/gcc-14-14.2.0/debian/tmp-nvptx/usr --enable-offload-defaulted --without-cuda-driver --enable-checking=release --build=aarch64-linux-gnu --host=aarch64-linux-gnu --target=aarch64-linux-gnu --with-build-config=bootstrap-lto-lean --enable-link-serialization=2
Thread model: posix
Supported LTO compression algorithms: zlib zstd
gcc version 14.2.0 (Debian 14.2.0-19) 
... rest of stderr output deleted ...
configure:6390: $? = 0
configure:6379: g++ -V >&5
g++: error: unrecognized command-line option '-V'
g++: fatal error: no input files
compilation terminated.
configure:6390: $? = 1
configure:6379: g++ -qversion >&5
g++: error: unrecognized command-line option '-qversion'; did you mean '--version'?
g++: fatal error: no input files
compilation terminated.
configure:6390: $? = 1
configure:6394: checking whether the compiler supports GNU C++
configure:6414: g++ -c   conftest.cpp >&5
conftest.cpp:11:9: warning: "_GNU_SOURCE" redefined
   11 | #define _GNU_SOURCE /**/
      |         ^~~~~~~~~~~
<command-line>: note: this is the location of the previous definition
configure:6414: $? = 0
configure:6424: result: yes
configure:6435: checking whether g++ accepts -g
configure:6456: g++ -c -g  conftest.cpp >&5
conftest.cpp:11:9: warning: "_GNU_SOURCE" redefined
   11 | #define _GNU_SOURCE /**/
      |         ^~~~~~~~~~~
<command-line>: note: this is the location of the previous definition
configure:6456: $? = 0
configure: failed program was:
| /* confdefs.h */
| #define PACKAGE_NAME "libgpiod"
| #define PACKAGE_TARNAME "libgpiod"
| #define PACKAGE_VERSION "2.2"
| #define PACKAGE_STRING "libgpiod 2.2"
| #define PACKAGE_BUGREPORT ""
| #define PACKAGE_URL ""
| #define GPIOD_VERSION_STR "2.2"
| #define PACKAGE "libgpiod"
| #define VERSION "2.2"
| #define _GNU_SOURCE /**/
| /* end confdefs.h.  */
| 
| int
| main (void)
| {
| 
|   ;
|   return 0;
| }
configure:6472: g++ -c   conftest.cpp >&5
conftest.cpp:11:9: warning: "_GNU_SOURCE" redefined
   11 | #define _GNU_SOURCE /**/
      |         ^~~~~~~~~~~
<command-line>: note: this is the location of the previous definition
configure:6472: $? = 0
configure: failed program was:
| /* confdefs.h */
| #define PACKAGE_NAME "libgpiod"
| #define PACKAGE_TARNAME "libgpiod"
| #define PACKAGE_VERSION "2.2"
| #define PACKAGE_STRING "libgpiod 2.2"
| #define PACKAGE_BUGREPORT ""
| #define PACKAGE_URL ""
| #define GPIOD_VERSION_STR "2.2"
| #define PACKAGE "libgpiod"
| #define VERSION "2.2"
| #define _GNU_SOURCE /**/
| /* end confdefs.h.  */
| 
| int
| main (void)
| {
| 
|   ;
|   return 0;
| }
configure:6489: g++ -c -g  conftest.cpp >&5
conftest.cpp:11:9: warning: "_GNU_SOURCE" redefined
   11 | #define _GNU_SOURCE /**/
      |         ^~~~~~~~~~~
<command-line>: note: this is the location of the previous definition
configure:6489: $? = 0
configure:6500: result: yes
configure:6520: checking for g++ option to enable C++11 features
configure:6535: g++  -c -g -O2  conftest.cpp >&5
conftest.cpp:11:9: warning: "_GNU_SOURCE" redefined
   11 | #define _GNU_SOURCE /**/
      |         ^~~~~~~~~~~
<command-line>: note: this is the location of the previous definition
conftest.cpp: In function 'int main(int, char**)':
conftest.cpp:179:25: warning: empty parentheses were disambiguated as a function declaration [-Wvexing-parse]
  179 |   cxx11test::delegate d2();
      |                         ^~
conftest.cpp:179:25: note: remove parentheses to default-initialize a variable
  179 |   cxx11test::delegate d2();
      |                         ^~
      |                         --
conftest.cpp:179:25: note: or replace parentheses with braces to value-initialize a variable
configure:6535: $? = 0
configure:6553: result: none needed
configure:6619: checking dependency style of g++
configure:6731: result: gcc3
configure:6747: checking for grep that handles long lines and -e
configure:6811: result: /usr/bin/grep
configure:6816: checking for egrep
configure:6884: result: /usr/bin/grep -E
configure:6922: checking build system type
configure:6937: result: aarch64-unknown-linux-gnu
configure:6957: checking host system type
configure:6971: result: aarch64-unknown-linux-gnu
configure:7012: checking how to print strings
configure:7039: result: printf
configure:7060: checking for a sed that does not truncate output
configure:7130: result: /usr/bin/sed
configure:7148: checking for fgrep
configure:7216: result: /usr/bin/grep -F
configure:7252: checking for ld used by gcc
configure:7320: result: /usr/bin/ld
configure:7327: checking if the linker (/usr/bin/ld) is GNU ld
configure:7343: result: yes
configure:7355: checking for BSD- or MS-compatible name lister (nm)
configure:7410: result: /usr/bin/nm -B
configure:7550: checking the name lister (/usr/bin/nm -B) interface
configure:7558: gcc -c -g -O2  conftest.c >&5
configure:7561: /usr/bin/nm -B "conftest.o"
configure:7564: output
0000000000000000 B some_variable
configure:7571: result: BSD nm
configure:7574: checking whether ln -s works
configure:7578: result: yes
configure:7586: checking the maximum length of command line arguments
configure:7718: result: 1572864
configure:7766: checking how to convert aarch64-unknown-linux-gnu file names to aarch64-unknown-linux-gnu format
configure:7807: result: func_convert_file_noop
configure:7814: checking how to convert aarch64-unknown-linux-gnu file names to toolchain format
configure:7835: result: func_convert_file_noop
configure:7842: checking for /usr/bin/ld option to reload object files
configure:7850: result: -r
configure:7929: checking for file
configure:7950: found /usr/bin/file
configure:7961: result: file
configure:8037: checking for objdump
configure:8058: found /usr/bin/objdump
configure:8069: result: objdump
configure:8101: checking how to recognize dependent libraries
configure:8302: result: pass_all
configure:8392: checking for dlltool
configure:8427: result: no
configure:8457: checking how to associate runtime and link libraries
configure:8485: result: printf %s\n
configure:8635: checking for archiver @FILE support
configure:8653: gcc -c -g -O2  conftest.c >&5
configure:8653: $? = 0
configure:8657: ar cr libconftest.a @conftest.lst >&5
configure:8660: $? = 0
configure:8665: ar cr libconftest.a @conftest.lst >&5
ar: conftest.o: No such file or directory
configure:8668: $? = 1
configure:8680: result: @
configure:8743: checking for strip
configure:8764: found /usr/bin/strip
configure:8775: result: strip
configure:8852: checking for ranlib
configure:8873: found /usr/bin/ranlib
configure:8884: result: ranlib
configure:8986: checking command to parse /usr/bin/nm -B output from gcc object
configure:9140: gcc -c -g -O2  conftest.c >&5
configure:9143: $? = 0
configure:9147: /usr/bin/nm -B conftest.o | /usr/bin/sed -n -e 's/^.*[	 ]\([ABCDGIRSTW][ABCDGIRSTW]*\)[	 ][	 ]*\([_A-Za-z][_A-Za-z0-9]*\)$/\1 \2 \2/p' | /usr/bin/sed '/ __gnu_lto/d' > conftest.nm
configure:9213: gcc -o conftest -g -O2   conftest.c conftstm.o >&5
configure:9216: $? = 0
configure:9254: result: ok
configure:9301: checking for sysroot
configure:9332: result: no
configure:9339: checking for a working dd
configure:9383: result: /usr/bin/dd
configure:9387: checking how to truncate binary pipes
configure:9403: result: /usr/bin/dd bs=4096 count=1
configure:9740: checking for mt
configure:9761: found /usr/bin/mt
configure:9772: result: mt
configure:9795: checking if mt is a manifest tool
configure:9802: mt '-?'
configure:9810: result: no
configure:10535: checking for stdio.h
configure:10535: gcc -c -g -O2  conftest.c >&5
configure:10535: $? = 0
configure:10535: result: yes
configure:10535: checking for stdlib.h
configure:10535: gcc -c -g -O2  conftest.c >&5
configure:10535: $? = 0
configure:10535: result: yes
configure:10535: checking for string.h
configure:10535: gcc -c -g -O2  conftest.c >&5
configure:10535: $? = 0
configure:10535: result: yes
configure:10535: checking for inttypes.h
configure:10535: gcc -c -g -O2  conftest.c >&5
configure:10535: $? = 0
configure:10535: result: yes
configure:10535: checking for stdint.h
configure:10535: gcc -c -g -O2  conftest.c >&5
configure:10535: $? = 0
configure:10535: result: yes
configure:10535: checking for strings.h
configure:10535: gcc -c -g -O2  conftest.c >&5
configure:10535: $? = 0
configure:10535: result: yes
configure:10535: checking for sys/stat.h
configure:10535: gcc -c -g -O2  conftest.c >&5
configure:10535: $? = 0
configure:10535: result: yes
configure:10535: checking for sys/types.h
configure:10535: gcc -c -g -O2  conftest.c >&5
configure:10535: $? = 0
configure:10535: result: yes
configure:10535: checking for unistd.h
configure:10535: gcc -c -g -O2  conftest.c >&5
configure:10535: $? = 0
configure:10535: result: yes
configure:10560: checking for dlfcn.h
configure:10560: gcc -c -g -O2  conftest.c >&5
configure:10560: $? = 0
configure:10560: result: yes
configure:10830: checking for objdir
configure:10846: result: .libs
configure:11110: checking if gcc supports -fno-rtti -fno-exceptions
configure:11129: gcc -c -g -O2  -fno-rtti -fno-exceptions conftest.c >&5
cc1: warning: command-line option '-fno-rtti' is valid for C++/D/ObjC++ but not for C
configure:11133: $? = 0
configure:11146: result: no
configure:11510: checking for gcc option to produce PIC
configure:11518: result: -fPIC -DPIC
configure:11526: checking if gcc PIC flag -fPIC -DPIC works
configure:11545: gcc -c -g -O2  -fPIC -DPIC -DPIC conftest.c >&5
configure:11549: $? = 0
configure:11562: result: yes
configure:11591: checking if gcc static flag -static works
configure:11620: result: yes
configure:11635: checking if gcc supports -c -o file.o
configure:11657: gcc -c -g -O2  -o out/conftest2.o conftest.c >&5
configure:11661: $? = 0
configure:11683: result: yes
configure:11691: checking if gcc supports -c -o file.o
configure:11739: result: yes
configure:11772: checking whether the gcc linker (/usr/bin/ld) supports shared libraries
configure:13046: result: yes
configure:13083: checking whether -lc should be explicitly linked in
configure:13092: gcc -c -g -O2  conftest.c >&5
configure:13095: $? = 0
configure:13110: gcc -shared  -fPIC -DPIC conftest.o  -v -Wl,-soname -Wl,conftest -o conftest 2\>\&1 \| /usr/bin/grep  -lc  \>/dev/null 2\>\&1
configure:13113: $? = 0
configure:13127: result: no
configure:13287: checking dynamic linker characteristics
configure:13869: gcc -o conftest -g -O2   -Wl,-rpath -Wl,/foo conftest.c  >&5
configure:13869: $? = 0
configure:14120: result: GNU/Linux ld.so
configure:14242: checking how to hardcode library paths into programs
configure:14267: result: immediate
configure:14819: checking whether stripping libraries is possible
configure:14828: result: yes
configure:14870: checking if libtool supports shared libraries
configure:14872: result: yes
configure:14875: checking whether to build shared libraries
configure:14900: result: yes
configure:14903: checking whether to build static libraries
configure:14907: result: yes
configure:14930: checking how to run the C++ preprocessor
configure:14952: g++ -E  conftest.cpp
conftest.cpp:11:9: warning: "_GNU_SOURCE" redefined
   11 | #define _GNU_SOURCE /**/
      |         ^~~~~~~~~~~
<command-line>: note: this is the location of the previous definition
configure:14952: $? = 0
configure:14967: g++ -E  conftest.cpp
conftest.cpp:11:9: warning: "_GNU_SOURCE" redefined
   11 | #define _GNU_SOURCE /**/
      |         ^~~~~~~~~~~
<command-line>: note: this is the location of the previous definition
conftest.cpp:25:10: fatal error: ac_nonexistent.h: No such file or directory
   25 | #include <ac_nonexistent.h>
      |          ^~~~~~~~~~~~~~~~~~
compilation terminated.
configure:14967: $? = 1
configure: failed program was:
| /* confdefs.h */
| #define PACKAGE_NAME "libgpiod"
| #define PACKAGE_TARNAME "libgpiod"
| #define PACKAGE_VERSION "2.2"
| #define PACKAGE_STRING "libgpiod 2.2"
| #define PACKAGE_BUGREPORT ""
| #define PACKAGE_URL ""
| #define GPIOD_VERSION_STR "2.2"
| #define PACKAGE "libgpiod"
| #define VERSION "2.2"
| #define _GNU_SOURCE /**/
| #define HAVE_STDIO_H 1
| #define HAVE_STDLIB_H 1
| #define HAVE_STRING_H 1
| #define HAVE_INTTYPES_H 1
| #define HAVE_STDINT_H 1
| #define HAVE_STRINGS_H 1
| #define HAVE_SYS_STAT_H 1
| #define HAVE_SYS_TYPES_H 1
| #define HAVE_UNISTD_H 1
| #define STDC_HEADERS 1
| #define HAVE_DLFCN_H 1
| #define LT_OBJDIR ".libs/"
| /* end confdefs.h.  */
| #include <ac_nonexistent.h>
configure:14994: result: g++ -E
configure:15008: g++ -E  conftest.cpp
conftest.cpp:11:9: warning: "_GNU_SOURCE" redefined
   11 | #define _GNU_SOURCE /**/
      |         ^~~~~~~~~~~
<command-line>: note: this is the location of the previous definition
configure:15008: $? = 0
configure:15023: g++ -E  conftest.cpp
conftest.cpp:11:9: warning: "_GNU_SOURCE" redefined
   11 | #define _GNU_SOURCE /**/
      |         ^~~~~~~~~~~
<command-line>: note: this is the location of the previous definition
conftest.cpp:25:10: fatal error: ac_nonexistent.h: No such file or directory
   25 | #include <ac_nonexistent.h>
      |          ^~~~~~~~~~~~~~~~~~
compilation terminated.
configure:15023: $? = 1
configure: failed program was:
| /* confdefs.h */
| #define PACKAGE_NAME "libgpiod"
| #define PACKAGE_TARNAME "libgpiod"
| #define PACKAGE_VERSION "2.2"
| #define PACKAGE_STRING "libgpiod 2.2"
| #define PACKAGE_BUGREPORT ""
| #define PACKAGE_URL ""
| #define GPIOD_VERSION_STR "2.2"
| #define PACKAGE "libgpiod"
| #define VERSION "2.2"
| #define _GNU_SOURCE /**/
| #define HAVE_STDIO_H 1
| #define HAVE_STDLIB_H 1
| #define HAVE_STRING_H 1
| #define HAVE_INTTYPES_H 1
| #define HAVE_STDINT_H 1
| #define HAVE_STRINGS_H 1
| #define HAVE_SYS_STAT_H 1
| #define HAVE_SYS_TYPES_H 1
| #define HAVE_UNISTD_H 1
| #define STDC_HEADERS 1
| #define HAVE_DLFCN_H 1
| #define LT_OBJDIR ".libs/"
| /* end confdefs.h.  */
| #include <ac_nonexistent.h>
configure:15188: checking for ld used by g++
configure:15256: result: /usr/bin/ld
configure:15263: checking if the linker (/usr/bin/ld) is GNU ld
configure:15279: result: yes
configure:15334: checking whether the g++ linker (/usr/bin/ld) supports shared libraries
configure:16412: result: yes
configure:16448: g++ -c -g -O2  conftest.cpp >&5
configure:16451: $? = 0
configure:16932: checking for g++ option to produce PIC
configure:16940: result: -fPIC -DPIC
configure:16948: checking if g++ PIC flag -fPIC -DPIC works
configure:16967: g++ -c -g -O2  -fPIC -DPIC -DPIC conftest.cpp >&5
configure:16971: $? = 0
configure:16984: result: yes
configure:17007: checking if g++ static flag -static works
configure:17036: result: yes
configure:17048: checking if g++ supports -c -o file.o
configure:17070: g++ -c -g -O2  -o out/conftest2.o conftest.cpp >&5
configure:17074: $? = 0
configure:17096: result: yes
configure:17101: checking if g++ supports -c -o file.o
configure:17149: result: yes
configure:17179: checking whether the g++ linker (/usr/bin/ld) supports shared libraries
configure:17222: result: yes
configure:17364: checking dynamic linker characteristics
configure:18124: result: GNU/Linux ld.so
configure:18189: checking how to hardcode library paths into programs
configure:18214: result: immediate
configure:18289: checking for GNU libc compatible malloc
configure:18321: gcc -o conftest -g -O2   conftest.c  >&5
configure:18321: $? = 0
configure:18321: ./conftest
configure:18321: $? = 0
configure:18332: result: yes
configure:18354: checking for _Bool
configure:18354: gcc -c -g -O2  conftest.c >&5
configure:18354: $? = 0
configure:18354: gcc -c -g -O2  conftest.c >&5
conftest.c: In function 'main':
conftest.c:57:20: error: expected expression before ')' token
   57 | if (sizeof ((_Bool)))
      |                    ^
configure:18354: $? = 1
configure: failed program was:
| /* confdefs.h */
| #define PACKAGE_NAME "libgpiod"
| #define PACKAGE_TARNAME "libgpiod"
| #define PACKAGE_VERSION "2.2"
| #define PACKAGE_STRING "libgpiod 2.2"
| #define PACKAGE_BUGREPORT ""
| #define PACKAGE_URL ""
| #define GPIOD_VERSION_STR "2.2"
| #define PACKAGE "libgpiod"
| #define VERSION "2.2"
| #define _GNU_SOURCE /**/
| #define HAVE_STDIO_H 1
| #define HAVE_STDLIB_H 1
| #define HAVE_STRING_H 1
| #define HAVE_INTTYPES_H 1
| #define HAVE_STDINT_H 1
| #define HAVE_STRINGS_H 1
| #define HAVE_SYS_STAT_H 1
| #define HAVE_SYS_TYPES_H 1
| #define HAVE_UNISTD_H 1
| #define STDC_HEADERS 1
| #define HAVE_DLFCN_H 1
| #define LT_OBJDIR ".libs/"
| #define HAVE_MALLOC 1
| /* end confdefs.h.  */
| #include <stddef.h>
| #ifdef HAVE_STDIO_H
| # include <stdio.h>
| #endif
| #ifdef HAVE_STDLIB_H
| # include <stdlib.h>
| #endif
| #ifdef HAVE_STRING_H
| # include <string.h>
| #endif
| #ifdef HAVE_INTTYPES_H
| # include <inttypes.h>
| #endif
| #ifdef HAVE_STDINT_H
| # include <stdint.h>
| #endif
| #ifdef HAVE_STRINGS_H
| # include <strings.h>
| #endif
| #ifdef HAVE_SYS_TYPES_H
| # include <sys/types.h>
| #endif
| #ifdef HAVE_SYS_STAT_H
| # include <sys/stat.h>
| #endif
| #ifdef HAVE_UNISTD_H
| # include <unistd.h>
| #endif
| int
| main (void)
| {
| if (sizeof ((_Bool)))
| 	    return 0;
|   ;
|   return 0;
| }
configure:18354: result: yes
configure:18363: checking for stdbool.h that conforms to C99
configure:18479: gcc -c -g -O2  conftest.c >&5
configure:18479: $? = 0
configure:18487: result: yes
configure:18496: checking for ioctl
configure:18496: gcc -o conftest -g -O2   conftest.c  >&5
configure:18496: $? = 0
configure:18496: result: yes
configure:18504: checking for open
configure:18504: gcc -o conftest -g -O2   conftest.c  >&5
configure:18504: $? = 0
configure:18504: result: yes
configure:18512: checking for close
configure:18512: gcc -o conftest -g -O2   conftest.c  >&5
configure:18512: $? = 0
configure:18512: result: yes
configure:18520: checking for read
configure:18520: gcc -o conftest -g -O2   conftest.c  >&5
configure:18520: $? = 0
configure:18520: result: yes
configure:18528: checking for ppoll
configure:18528: gcc -o conftest -g -O2   conftest.c  >&5
configure:18528: $? = 0
configure:18528: result: yes
configure:18536: checking for realpath
configure:18536: gcc -o conftest -g -O2   conftest.c  >&5
configure:18536: $? = 0
configure:18536: result: yes
configure:18544: checking for readlink
configure:18544: gcc -o conftest -g -O2   conftest.c  >&5
configure:18544: $? = 0
configure:18544: result: yes
configure:18554: checking for fcntl.h
configure:18554: gcc -c -g -O2  conftest.c >&5
configure:18554: $? = 0
configure:18554: result: yes
configure:18566: checking for getopt.h
configure:18566: gcc -c -g -O2  conftest.c >&5
configure:18566: $? = 0
configure:18566: result: yes
configure:18578: checking for dirent.h
configure:18578: gcc -c -g -O2  conftest.c >&5
configure:18578: $? = 0
configure:18578: result: yes
configure:18590: checking for poll.h
configure:18590: gcc -c -g -O2  conftest.c >&5
configure:18590: $? = 0
configure:18590: result: yes
configure:18602: checking for sys/sysmacros.h
configure:18602: gcc -c -g -O2  conftest.c >&5
configure:18602: $? = 0
configure:18602: result: yes
configure:18614: checking for sys/ioctl.h
configure:18614: gcc -c -g -O2  conftest.c >&5
configure:18614: $? = 0
configure:18614: result: yes
configure:18626: checking for sys/param.h
configure:18626: gcc -c -g -O2  conftest.c >&5
configure:18626: $? = 0
configure:18626: result: yes
configure:18638: checking for sys/stat.h
configure:18638: result: yes
configure:18650: checking for sys/types.h
configure:18650: result: yes
configure:18662: checking for linux/const.h
configure:18662: gcc -c -g -O2  conftest.c >&5
configure:18662: $? = 0
configure:18662: result: yes
configure:18674: checking for linux/ioctl.h
configure:18674: gcc -c -g -O2  conftest.c >&5
configure:18674: $? = 0
configure:18674: result: yes
configure:18686: checking for linux/types.h
configure:18686: gcc -c -g -O2  conftest.c >&5
configure:18686: $? = 0
configure:18686: result: yes
configure:18794: checking for pkg-config
configure:18817: found /usr/bin/pkg-config
configure:18829: result: /usr/bin/pkg-config
configure:18854: checking pkg-config is at least version 0.9.0
configure:18857: result: yes
configure:18868: checking for daemon
configure:18868: gcc -o conftest -g -O2   conftest.c  >&5
configure:18868: $? = 0
configure:18868: result: yes
configure:18876: checking for asprintf
configure:18876: gcc -o conftest -g -O2   conftest.c  >&5
configure:18876: $? = 0
configure:18876: result: yes
configure:18884: checking for scandir
configure:18884: gcc -o conftest -g -O2   conftest.c  >&5
configure:18884: $? = 0
configure:18884: result: yes
configure:18892: checking for versionsort
configure:18892: gcc -o conftest -g -O2   conftest.c  >&5
configure:18892: $? = 0
configure:18892: result: yes
configure:18900: checking for strtoull
configure:18900: gcc -o conftest -g -O2   conftest.c  >&5
configure:18900: $? = 0
configure:18900: result: yes
configure:18908: checking for nanosleep
configure:18908: gcc -o conftest -g -O2   conftest.c  >&5
configure:18908: $? = 0
configure:18908: result: yes
configure:22099: checking for gobject-introspection
configure:22130: $PKG_CONFIG --exists --print-errors "gobject-introspection-1.0 >= 0.6.2"
Package gobject-introspection-1.0 was not found in the pkg-config search path.
Perhaps you should add the directory containing `gobject-introspection-1.0.pc'
to the PKG_CONFIG_PATH environment variable
Package 'gobject-introspection-1.0', required by 'virtual:world', not found
configure:22133: $? = 1
configure:22145: result: no
configure:22287: checking for doxygen
configure:22320: result: false
configure:22338: doxygen not found - documentation cannot be generated
configure:22350: checking for help2man
configure:22383: result: false
configure:22402: help2man not found - man pages cannot be generated automatically
configure:22510: checking that generated files are newer than configure
configure:22516: result: done
configure:22603: creating ./config.status

## ---------------------- ##
## Running config.status. ##
## ---------------------- ##

This file was extended by libgpiod config.status 2.2, which was
generated by GNU Autoconf 2.71.  Invocation command line was

  CONFIG_FILES    = 
  CONFIG_HEADERS  = 
  CONFIG_LINKS    = 
  CONFIG_COMMANDS = 
  $ ./config.status 

on POL

config.status:1302: creating Makefile
config.status:1302: creating include/Makefile
config.status:1302: creating lib/Makefile
config.status:1302: creating lib/libgpiod.pc
config.status:1302: creating contrib/Makefile
config.status:1302: creating examples/Makefile
config.status:1302: creating tools/Makefile
config.status:1302: creating tests/Makefile
config.status:1302: creating tests/gpiosim/Makefile
config.status:1302: creating tests/gpiosim-glib/Makefile
config.status:1302: creating tests/harness/Makefile
config.status:1302: creating tests/scripts/Makefile
config.status:1302: creating bindings/cxx/libgpiodcxx.pc
config.status:1302: creating bindings/Makefile
config.status:1302: creating bindings/cxx/Makefile
config.status:1302: creating bindings/cxx/gpiodcxx/Makefile
config.status:1302: creating bindings/cxx/examples/Makefile
config.status:1302: creating bindings/cxx/tests/Makefile
config.status:1302: creating bindings/glib/gpiod-glib.pc
config.status:1302: creating bindings/glib/Makefile
config.status:1302: creating bindings/glib/examples/Makefile
config.status:1302: creating bindings/glib/tests/Makefile
config.status:1302: creating bindings/python/Makefile
config.status:1302: creating bindings/python/gpiod/Makefile
config.status:1302: creating bindings/python/gpiod/ext/Makefile
config.status:1302: creating bindings/python/examples/Makefile
config.status:1302: creating bindings/python/tests/Makefile
config.status:1302: creating bindings/python/tests/gpiosim/Makefile
config.status:1302: creating bindings/python/tests/procname/Makefile
config.status:1302: creating bindings/rust/libgpiod-sys/src/Makefile
config.status:1302: creating bindings/rust/libgpiod-sys/Makefile
config.status:1302: creating bindings/rust/libgpiod/src/Makefile
config.status:1302: creating bindings/rust/libgpiod/tests/common/Makefile
config.status:1302: creating bindings/rust/libgpiod/tests/Makefile
config.status:1302: creating bindings/rust/libgpiod/Makefile
config.status:1302: creating bindings/rust/libgpiod/examples/Makefile
config.status:1302: creating bindings/rust/Makefile
config.status:1302: creating bindings/rust/gpiosim-sys/src/Makefile
config.status:1302: creating bindings/rust/gpiosim-sys/Makefile
config.status:1302: creating dbus/Makefile
config.status:1302: creating dbus/client/Makefile
config.status:1302: creating dbus/data/Makefile
config.status:1302: creating dbus/lib/Makefile
config.status:1302: creating dbus/manager/Makefile
config.status:1302: creating dbus/tests/Makefile
config.status:1302: creating man/Makefile
config.status:1302: creating config.h
config.status:1531: executing depfiles commands
config.status:1608: cd lib       && sed -e '/# am--include-marker/d' Makefile         | make -f - am--depfiles
config.status:1613: $? = 0
config.status:1608: cd examples       && sed -e '/# am--include-marker/d' Makefile         | make -f - am--depfiles
config.status:1613: $? = 0
config.status:1608: cd tools       && sed -e '/# am--include-marker/d' Makefile         | make -f - am--depfiles
config.status:1613: $? = 0
config.status:1608: cd tests       && sed -e '/# am--include-marker/d' Makefile         | make -f - am--depfiles
config.status:1613: $? = 0
config.status:1608: cd tests/gpiosim       && sed -e '/# am--include-marker/d' Makefile         | make -f - am--depfiles
config.status:1613: $? = 0
config.status:1608: cd tests/gpiosim-glib       && sed -e '/# am--include-marker/d' Makefile         | make -f - am--depfiles
config.status:1613: $? = 0
config.status:1608: cd tests/harness       && sed -e '/# am--include-marker/d' Makefile         | make -f - am--depfiles
config.status:1613: $? = 0
config.status:1608: cd bindings/cxx       && sed -e '/# am--include-marker/d' Makefile         | make -f - am--depfiles
config.status:1613: $? = 0
config.status:1608: cd bindings/cxx/examples       && sed -e '/# am--include-marker/d' Makefile         | make -f - am--depfiles
config.status:1613: $? = 0
config.status:1608: cd bindings/cxx/tests       && sed -e '/# am--include-marker/d' Makefile         | make -f - am--depfiles
config.status:1613: $? = 0
config.status:1608: cd bindings/glib       && sed -e '/# am--include-marker/d' Makefile         | make -f - am--depfiles
config.status:1613: $? = 0
config.status:1608: cd bindings/glib/examples       && sed -e '/# am--include-marker/d' Makefile         | make -f - am--depfiles
config.status:1613: $? = 0
config.status:1608: cd bindings/glib/tests       && sed -e '/# am--include-marker/d' Makefile         | make -f - am--depfiles
config.status:1613: $? = 0
config.status:1608: cd dbus/client       && sed -e '/# am--include-marker/d' Makefile         | make -f - am--depfiles
config.status:1613: $? = 0
config.status:1608: cd dbus/lib       && sed -e '/# am--include-marker/d' Makefile         | make -f - am--depfiles
config.status:1613: $? = 0
config.status:1608: cd dbus/manager       && sed -e '/# am--include-marker/d' Makefile         | make -f - am--depfiles
config.status:1613: $? = 0
config.status:1608: cd dbus/tests       && sed -e '/# am--include-marker/d' Makefile         | make -f - am--depfiles
config.status:1613: $? = 0
config.status:1531: executing libtool commands

## ---------------- ##
## Cache variables. ##
## ---------------- ##

ac_cv_build=aarch64-unknown-linux-gnu
ac_cv_c_compiler_gnu=yes
ac_cv_cxx_compiler_gnu=yes
ac_cv_env_CATCH2_CFLAGS_set=
ac_cv_env_CATCH2_CFLAGS_value=
ac_cv_env_CATCH2_LIBS_set=
ac_cv_env_CATCH2_LIBS_value=
ac_cv_env_CCC_set=
ac_cv_env_CCC_value=
ac_cv_env_CC_set=
ac_cv_env_CC_value=
ac_cv_env_CFLAGS_set=
ac_cv_env_CFLAGS_value=
ac_cv_env_CPPFLAGS_set=
ac_cv_env_CPPFLAGS_value=
ac_cv_env_CXXCPP_set=
ac_cv_env_CXXCPP_value=
ac_cv_env_CXXFLAGS_set=
ac_cv_env_CXXFLAGS_value=
ac_cv_env_CXX_set=
ac_cv_env_CXX_value=
ac_cv_env_GIO_CFLAGS_set=
ac_cv_env_GIO_CFLAGS_value=
ac_cv_env_GIO_LIBS_set=
ac_cv_env_GIO_LIBS_value=
ac_cv_env_GIO_UNIX_CFLAGS_set=
ac_cv_env_GIO_UNIX_CFLAGS_value=
ac_cv_env_GIO_UNIX_LIBS_set=
ac_cv_env_GIO_UNIX_LIBS_value=
ac_cv_env_GLIB_CFLAGS_set=
ac_cv_env_GLIB_CFLAGS_value=
ac_cv_env_GLIB_LIBS_set=
ac_cv_env_GLIB_LIBS_value=
ac_cv_env_GLIB_MKENUMS_set=
ac_cv_env_GLIB_MKENUMS_value=
ac_cv_env_GOBJECT_CFLAGS_set=
ac_cv_env_GOBJECT_CFLAGS_value=
ac_cv_env_GOBJECT_LIBS_set=
ac_cv_env_GOBJECT_LIBS_value=
ac_cv_env_GUDEV_CFLAGS_set=
ac_cv_env_GUDEV_CFLAGS_value=
ac_cv_env_GUDEV_LIBS_set=
ac_cv_env_GUDEV_LIBS_value=
ac_cv_env_KMOD_CFLAGS_set=
ac_cv_env_KMOD_CFLAGS_value=
ac_cv_env_KMOD_LIBS_set=
ac_cv_env_KMOD_LIBS_value=
ac_cv_env_LDFLAGS_set=
ac_cv_env_LDFLAGS_value=
ac_cv_env_LIBEDIT_CFLAGS_set=
ac_cv_env_LIBEDIT_CFLAGS_value=
ac_cv_env_LIBEDIT_LIBS_set=
ac_cv_env_LIBEDIT_LIBS_value=
ac_cv_env_LIBS_set=
ac_cv_env_LIBS_value=
ac_cv_env_LT_SYS_LIBRARY_PATH_set=
ac_cv_env_LT_SYS_LIBRARY_PATH_value=
ac_cv_env_MOUNT_CFLAGS_set=
ac_cv_env_MOUNT_CFLAGS_value=
ac_cv_env_MOUNT_LIBS_set=
ac_cv_env_MOUNT_LIBS_value=
ac_cv_env_PKG_CONFIG_LIBDIR_set=
ac_cv_env_PKG_CONFIG_LIBDIR_value=
ac_cv_env_PKG_CONFIG_PATH_set=
ac_cv_env_PKG_CONFIG_PATH_value=
ac_cv_env_PKG_CONFIG_set=
ac_cv_env_PKG_CONFIG_value=
ac_cv_env_PYTHON_set=
ac_cv_env_PYTHON_value=
ac_cv_env_build_alias_set=
ac_cv_env_build_alias_value=
ac_cv_env_host_alias_set=
ac_cv_env_host_alias_value=
ac_cv_env_systemdsystemunitdir_set=
ac_cv_env_systemdsystemunitdir_value=
ac_cv_env_target_alias_set=
ac_cv_env_target_alias_value=
ac_cv_func_asprintf=yes
ac_cv_func_close=yes
ac_cv_func_daemon=yes
ac_cv_func_ioctl=yes
ac_cv_func_malloc_0_nonnull=yes
ac_cv_func_nanosleep=yes
ac_cv_func_open=yes
ac_cv_func_ppoll=yes
ac_cv_func_read=yes
ac_cv_func_readlink=yes
ac_cv_func_realpath=yes
ac_cv_func_scandir=yes
ac_cv_func_strtoull=yes
ac_cv_func_versionsort=yes
ac_cv_header_dirent_h=yes
ac_cv_header_dlfcn_h=yes
ac_cv_header_fcntl_h=yes
ac_cv_header_getopt_h=yes
ac_cv_header_inttypes_h=yes
ac_cv_header_linux_const_h=yes
ac_cv_header_linux_ioctl_h=yes
ac_cv_header_linux_types_h=yes
ac_cv_header_poll_h=yes
ac_cv_header_stdbool_h=yes
ac_cv_header_stdint_h=yes
ac_cv_header_stdio_h=yes
ac_cv_header_stdlib_h=yes
ac_cv_header_string_h=yes
ac_cv_header_strings_h=yes
ac_cv_header_sys_ioctl_h=yes
ac_cv_header_sys_param_h=yes
ac_cv_header_sys_stat_h=yes
ac_cv_header_sys_sysmacros_h=yes
ac_cv_header_sys_types_h=yes
ac_cv_header_unistd_h=yes
ac_cv_host=aarch64-unknown-linux-gnu
ac_cv_objext=o
ac_cv_path_EGREP='/usr/bin/grep -E'
ac_cv_path_FGREP='/usr/bin/grep -F'
ac_cv_path_GREP=/usr/bin/grep
ac_cv_path_SED=/usr/bin/sed
ac_cv_path_ac_pt_PKG_CONFIG=/usr/bin/pkg-config
ac_cv_path_install='/usr/bin/install -c'
ac_cv_path_lt_DD=/usr/bin/dd
ac_cv_path_mkdir=/usr/bin/mkdir
ac_cv_prog_AWK=mawk
ac_cv_prog_CXXCPP='g++ -E'
ac_cv_prog_ac_ct_AR=ar
ac_cv_prog_ac_ct_CC=gcc
ac_cv_prog_ac_ct_CXX=g++
ac_cv_prog_ac_ct_FILECMD=file
ac_cv_prog_ac_ct_MANIFEST_TOOL=mt
ac_cv_prog_ac_ct_OBJDUMP=objdump
ac_cv_prog_ac_ct_RANLIB=ranlib
ac_cv_prog_ac_ct_STRIP=strip
ac_cv_prog_cc_c11=
ac_cv_prog_cc_g=yes
ac_cv_prog_cc_stdc=
ac_cv_prog_cxx_cxx11=
ac_cv_prog_cxx_g=yes
ac_cv_prog_cxx_stdcxx=
ac_cv_prog_has_doxygen=false
ac_cv_prog_has_help2man=false
ac_cv_prog_make_make_set=yes
ac_cv_type__Bool=yes
am_cv_CC_dependencies_compiler_type=gcc3
am_cv_CXX_dependencies_compiler_type=gcc3
am_cv_ar_interface=ar
am_cv_make_support_nested_variables=yes
am_cv_prog_cc_c_o=yes
lt_cv_ar_at_file=@
lt_cv_archive_cmds_need_lc=no
lt_cv_deplibs_check_method=pass_all
lt_cv_file_magic_cmd='$MAGIC_CMD'
lt_cv_file_magic_test_file=
lt_cv_ld_reload_flag=-r
lt_cv_nm_interface='BSD nm'
lt_cv_objdir=.libs
lt_cv_path_LD=/usr/bin/ld
lt_cv_path_LDCXX=/usr/bin/ld
lt_cv_path_NM='/usr/bin/nm -B'
lt_cv_path_mainfest_tool=no
lt_cv_prog_compiler_c_o=yes
lt_cv_prog_compiler_c_o_CXX=yes
lt_cv_prog_compiler_pic='-fPIC -DPIC'
lt_cv_prog_compiler_pic_CXX='-fPIC -DPIC'
lt_cv_prog_compiler_pic_works=yes
lt_cv_prog_compiler_pic_works_CXX=yes
lt_cv_prog_compiler_rtti_exceptions=no
lt_cv_prog_compiler_static_works=yes
lt_cv_prog_compiler_static_works_CXX=yes
lt_cv_prog_gnu_ld=yes
lt_cv_prog_gnu_ldcxx=yes
lt_cv_sharedlib_from_linklib_cmd='printf %s\n'
lt_cv_shlibpath_overrides_runpath=yes
lt_cv_sys_global_symbol_pipe='/usr/bin/sed -n -e '\''s/^.*[	 ]\([ABCDGIRSTW][ABCDGIRSTW]*\)[	 ][	 ]*\([_A-Za-z][_A-Za-z0-9]*\)$/\1 \2 \2/p'\'' | /usr/bin/sed '\''/ __gnu_lto/d'\'''
lt_cv_sys_global_symbol_to_c_name_address='/usr/bin/sed -n -e '\''s/^: \(.*\) .*$/  {"\1", (void *) 0},/p'\'' -e '\''s/^[ABCDGIRSTW][ABCDGIRSTW]* .* \(.*\)$/  {"\1", (void *) \&\1},/p'\'''
lt_cv_sys_global_symbol_to_c_name_address_lib_prefix='/usr/bin/sed -n -e '\''s/^: \(.*\) .*$/  {"\1", (void *) 0},/p'\'' -e '\''s/^[ABCDGIRSTW][ABCDGIRSTW]* .* \(lib.*\)$/  {"\1", (void *) \&\1},/p'\'' -e '\''s/^[ABCDGIRSTW][ABCDGIRSTW]* .* \(.*\)$/  {"lib\1", (void *) \&\1},/p'\'''
lt_cv_sys_global_symbol_to_cdecl='/usr/bin/sed -n -e '\''s/^T .* \(.*\)$/extern int \1();/p'\'' -e '\''s/^[ABCDGIRSTW][ABCDGIRSTW]* .* \(.*\)$/extern char \1;/p'\'''
lt_cv_sys_global_symbol_to_import=
lt_cv_sys_max_cmd_len=1572864
lt_cv_to_host_file_cmd=func_convert_file_noop
lt_cv_to_tool_file_cmd=func_convert_file_noop
lt_cv_truncate_bin='/usr/bin/dd bs=4096 count=1'

## ----------------- ##
## Output variables. ##
## ----------------- ##

ABI_CXX_VERSION='3.0.1'
ABI_GLIB_VERSION='1.0.0'
ABI_GPIOSIM_VERSION='1.1.0'
ABI_VERSION='4.1.1'
ACLOCAL='${SHELL} '\''/home/pol/Documents/of_v0.12.1_linuxaarch64_release/apps/myApps/SoftlySoundsMatter/SoftlySoundsMatter/addons/libgpiod-2.2/autostuff/missing'\'' aclocal-1.16'
AMDEPBACKSLASH='\'
AMDEP_FALSE='#'
AMDEP_TRUE=''
AMTAR='$${TAR-tar}'
AM_BACKSLASH='\'
AM_DEFAULT_V='$(AM_DEFAULT_VERBOSITY)'
AM_DEFAULT_VERBOSITY='0'
AM_V='$(V)'
AR='ar'
AR_FLAGS='cr'
AUTOCONF='${SHELL} '\''/home/pol/Documents/of_v0.12.1_linuxaarch64_release/apps/myApps/SoftlySoundsMatter/SoftlySoundsMatter/addons/libgpiod-2.2/autostuff/missing'\'' autoconf'
AUTOHEADER='${SHELL} '\''/home/pol/Documents/of_v0.12.1_linuxaarch64_release/apps/myApps/SoftlySoundsMatter/SoftlySoundsMatter/addons/libgpiod-2.2/autostuff/missing'\'' autoheader'
AUTOMAKE='${SHELL} '\''/home/pol/Documents/of_v0.12.1_linuxaarch64_release/apps/myApps/SoftlySoundsMatter/SoftlySoundsMatter/addons/libgpiod-2.2/autostuff/missing'\'' automake-1.16'
AWK='mawk'
CATCH2_CFLAGS=''
CATCH2_LIBS=''
CC='gcc'
CCDEPMODE='depmode=gcc3'
CFLAGS='-g -O2'
CPPFLAGS=''
CSCOPE='cscope'
CTAGS='ctags'
CXX='g++'
CXXCPP='g++ -E'
CXXDEPMODE='depmode=gcc3'
CXXFLAGS='-g -O2'
CYGPATH_W='echo'
DEFS='-DHAVE_CONFIG_H'
DEPDIR='.deps'
DLLTOOL='false'
DSYMUTIL=''
DUMPBIN=''
ECHO_C=''
ECHO_N='-n'
ECHO_T=''
EGREP='/usr/bin/grep -E'
ETAGS='etags'
EXEEXT=''
EXTRA_VERSION=''
FGREP='/usr/bin/grep -F'
FILECMD='file'
GIO_CFLAGS=''
GIO_LIBS=''
GIO_UNIX_CFLAGS=''
GIO_UNIX_LIBS=''
GLIB_CFLAGS=''
GLIB_LIBS=''
GLIB_MKENUMS=''
GOBJECT_CFLAGS=''
GOBJECT_LIBS=''
GREP='/usr/bin/grep'
GUDEV_CFLAGS=''
GUDEV_LIBS=''
HAS_DOXYGEN_FALSE=''
HAS_DOXYGEN_TRUE='#'
HAS_GI_DOCGEN_FALSE=''
HAS_GI_DOCGEN_TRUE='#'
HAVE_CXX17=''
HAVE_INTROSPECTION_FALSE=''
HAVE_INTROSPECTION_TRUE='#'
INSTALL_DATA='${INSTALL} -m 644'
INSTALL_PROGRAM='${INSTALL}'
INSTALL_SCRIPT='${INSTALL}'
INSTALL_STRIP_PROGRAM='$(install_sh) -c -s'
INTROSPECTION_CFLAGS=''
INTROSPECTION_COMPILER=''
INTROSPECTION_GENERATE=''
INTROSPECTION_GIRDIR=''
INTROSPECTION_LIBS=''
INTROSPECTION_MAKEFILE=''
INTROSPECTION_SCANNER=''
INTROSPECTION_TYPELIBDIR=''
KMOD_CFLAGS=''
KMOD_LIBS=''
LD='/usr/bin/ld'
LDFLAGS=''
LIBEDIT_CFLAGS=''
LIBEDIT_LIBS=''
LIBOBJS=''
LIBS=''
LIBTOOL='$(SHELL) $(top_builddir)/libtool'
LIPO=''
LN_S='ln -s'
LTLIBOBJS=''
LT_SYS_LIBRARY_PATH=''
MAKEINFO='${SHELL} '\''/home/pol/Documents/of_v0.12.1_linuxaarch64_release/apps/myApps/SoftlySoundsMatter/SoftlySoundsMatter/addons/libgpiod-2.2/autostuff/missing'\'' makeinfo'
MANIFEST_TOOL=':'
MKDIR_P='/usr/bin/mkdir -p'
MOUNT_CFLAGS=''
MOUNT_LIBS=''
NM='/usr/bin/nm -B'
NMEDIT=''
OBJDUMP='objdump'
OBJEXT='o'
OTOOL64=''
OTOOL=''
PACKAGE='libgpiod'
PACKAGE_BUGREPORT=''
PACKAGE_NAME='libgpiod'
PACKAGE_STRING='libgpiod 2.2'
PACKAGE_TARNAME='libgpiod'
PACKAGE_URL=''
PACKAGE_VERSION='2.2'
PATH_SEPARATOR=':'
PKG_CONFIG='/usr/bin/pkg-config'
PKG_CONFIG_LIBDIR=''
PKG_CONFIG_PATH=''
PROFILING_CFLAGS=''
PROFILING_LDFLAGS=''
PYTHON=''
PYTHON_EXEC_PREFIX=''
PYTHON_PLATFORM=''
PYTHON_PREFIX=''
PYTHON_VERSION=''
RANLIB='ranlib'
SED='/usr/bin/sed'
SET_MAKE=''
SHELL='/bin/bash'
STRIP='strip'
VERSION='2.2'
VERSION_STR='2.2'
WITH_BINDINGS_CXX_FALSE=''
WITH_BINDINGS_CXX_TRUE='#'
WITH_BINDINGS_GLIB_FALSE=''
WITH_BINDINGS_GLIB_TRUE='#'
WITH_BINDINGS_PYTHON_FALSE=''
WITH_BINDINGS_PYTHON_TRUE='#'
WITH_BINDINGS_RUST_FALSE=''
WITH_BINDINGS_RUST_TRUE='#'
WITH_DBUS_FALSE=''
WITH_DBUS_TRUE='#'
WITH_EXAMPLES_FALSE=''
WITH_EXAMPLES_TRUE='#'
WITH_GPIOSET_INTERACTIVE_FALSE=''
WITH_GPIOSET_INTERACTIVE_TRUE='#'
WITH_MANPAGES_FALSE=''
WITH_MANPAGES_TRUE='#'
WITH_SYSTEMD_FALSE=''
WITH_SYSTEMD_TRUE='#'
WITH_TESTS_FALSE=''
WITH_TESTS_TRUE='#'
WITH_TOOLS_FALSE='#'
WITH_TOOLS_TRUE=''
_GI_EXP_DATADIR='/usr/local/share'
_GI_EXP_LIBDIR='/usr/local/lib'
ac_ct_AR='ar'
ac_ct_CC='gcc'
ac_ct_CXX='g++'
ac_ct_DUMPBIN=''
am__EXEEXT_FALSE=''
am__EXEEXT_TRUE='#'
am__fastdepCC_FALSE='#'
am__fastdepCC_TRUE=''
am__fastdepCXX_FALSE='#'
am__fastdepCXX_TRUE=''
am__include='include'
am__isrc=''
am__leading_dot='.'
am__nodep='_no'
am__quote=''
am__tar='$${TAR-tar} chof - "$$tardir"'
am__untar='$${TAR-tar} xf -'
bindir='${exec_prefix}/bin'
build='aarch64-unknown-linux-gnu'
build_alias=''
build_cpu='aarch64'
build_os='linux-gnu'
build_vendor='unknown'
datadir='${datarootdir}'
datarootdir='${prefix}/share'
docdir='${datarootdir}/doc/${PACKAGE_TARNAME}'
dvidir='${docdir}'
exec_prefix='${prefix}'
has_cargo=''
has_doxygen='false'
has_gdbus_codegen=''
has_gi_docgen=''
has_glib_mkenums=''
has_help2man='false'
has_python_config=''
has_shunit2=''
host='aarch64-unknown-linux-gnu'
host_alias=''
host_cpu='aarch64'
host_os='linux-gnu'
host_vendor='unknown'
htmldir='${docdir}'
includedir='${prefix}/include'
infodir='${datarootdir}/info'
install_sh='${SHELL} /home/pol/Documents/of_v0.12.1_linuxaarch64_release/apps/myApps/SoftlySoundsMatter/SoftlySoundsMatter/addons/libgpiod-2.2/autostuff/install-sh'
libdir='${exec_prefix}/lib'
libexecdir='${exec_prefix}/libexec'
localedir='${datarootdir}/locale'
localstatedir='${prefix}/var'
mandir='${datarootdir}/man'
mkdir_p='$(MKDIR_P)'
oldincludedir='/usr/include'
pdfdir='${docdir}'
pkgpyexecdir=''
pkgpythondir=''
prefix='/usr/local'
program_transform_name='s,x,x,'
psdir='${docdir}'
pyexecdir=''
pythondir=''
runstatedir='${localstatedir}/run'
sbindir='${exec_prefix}/sbin'
sharedstatedir='${prefix}/com'
sysconfdir='${prefix}/etc'
systemdsystemunitdir=''
target_alias=''

## ----------- ##
## confdefs.h. ##
## ----------- ##

/* confdefs.h */
#define PACKAGE_NAME "libgpiod"
#define PACKAGE_TARNAME "libgpiod"
#define PACKAGE_VERSION "2.2"
#define PACKAGE_STRING "libgpiod 2.2"
#define PACKAGE_BUGREPORT ""
#define PACKAGE_URL ""
#define GPIOD_VERSION_STR "2.2"
#define PACKAGE "libgpiod"
#define VERSION "2.2"
#define _GNU_SOURCE /**/
#define HAVE_STDIO_H 1
#define HAVE_STDLIB_H 1
#define HAVE_STRING_H 1
#define HAVE_INTTYPES_H 1
#define HAVE_STDINT_H 1
#define HAVE_STRINGS_H 1
#define HAVE_SYS_STAT_H 1
#define HAVE_SYS_TYPES_H 1
#define HAVE_UNISTD_H 1
#define STDC_HEADERS 1
#define HAVE_DLFCN_H 1
#define LT_OBJDIR ".libs/"
#define HAVE_MALLOC 1
#define HAVE__BOOL 1
#define HAVE_STDBOOL_H 1
#define HAVE_FCNTL_H 1
#define HAVE_GETOPT_H 1
#define HAVE_DIRENT_H 1
#define HAVE_POLL_H 1
#define HAVE_SYS_SYSMACROS_H 1
#define HAVE_SYS_IOCTL_H 1
#define HAVE_SYS_PARAM_H 1
#define HAVE_SYS_STAT_H 1
#define HAVE_SYS_TYPES_H 1
#define HAVE_LINUX_CONST_H 1
#define HAVE_LINUX_IOCTL_H 1
#define HAVE_LINUX_TYPES_H 1

configure: exit 0
